Build started 20/09/2014 12:58:50.
     1>Project "C:\Users\joshy\Work\FoodMenu\FoodMenu\FoodMenu.vcxproj" on node 2 (build target(s)).
     1>InitializeBuildStatus:
         Creating "Debug\FoodMenu.unsuccessfulbuild" because "AlwaysCreate" was specified.
       ClCompile:
         C:\Program Files (x86)\Microsoft Visual Studio 10.0\VC\bin\CL.exe /c /ZI /nologo /W3 /WX- /Od /Oy- /D _MBCS /Gm /EHsc /RTC1 /MDd /GS /fp:precise /Zc:wchar_t /Zc:forScope /Fo"Debug\\" /Fd"Debug\vc100.pdb" /Gd /TP /analyze- /errorReport:prompt Payment.cpp
         Payment.cpp
     1>c:\users\joshy\work\foodmenu\foodmenu\payment.cpp(15): warning C4244: 'argument' : conversion from 'time_t' to 'unsigned int', possible loss of data
       Link:
         C:\Program Files (x86)\Microsoft Visual Studio 10.0\VC\bin\link.exe /ERRORREPORT:PROMPT /OUT:"C:\Users\joshy\Work\FoodMenu\Debug\FoodMenu.exe" /NOLOGO kernel32.lib user32.lib gdi32.lib winspool.lib comdlg32.lib advapi32.lib shell32.lib ole32.lib oleaut32.lib uuid.lib odbc32.lib odbccp32.lib /MANIFEST /ManifestFile:"Debug\FoodMenu.exe.intermediate.manifest" /MANIFESTUAC:"level='asInvoker' uiAccess='false'" /DEBUG /PDB:"C:\Users\joshy\Work\FoodMenu\Debug\FoodMenu.pdb" /TLBID:1 /DYNAMICBASE /NXCOMPAT /IMPLIB:"C:\Users\joshy\Work\FoodMenu\Debug\FoodMenu.lib" /MACHINE:X86 Debug\Compliment.obj
         Debug\Food.obj
         Debug\InputHandler.obj
         Debug\main.obj
         Debug\MenuOrder.obj
         Debug\Payment.obj
         Debug\Query.obj
         LINK : C:\Users\joshy\Work\FoodMenu\Debug\FoodMenu.exe not found or not built by the last incremental link; performing full link
         FoodMenu.vcxproj -> C:\Users\joshy\Work\FoodMenu\Debug\FoodMenu.exe
       Manifest:
         C:\Program Files (x86)\Microsoft SDKs\Windows\v7.0A\bin\mt.exe /nologo /verbose /outputresource:"C:\Users\joshy\Work\FoodMenu\Debug\FoodMenu.exe;#1" /manifest Debug\FoodMenu.exe.intermediate.manifest
       FinalizeBuildStatus:
         Deleting file "Debug\FoodMenu.unsuccessfulbuild".
         Touching "Debug\FoodMenu.lastbuildstate".
     1>Done Building Project "C:\Users\joshy\Work\FoodMenu\FoodMenu\FoodMenu.vcxproj" (build target(s)).

Build succeeded.

Time Elapsed 00:00:00.51
